=== Animal Polymorphism Tests ===
Animal Default constructor called
Animal Default constructor called
Dog Default constructor called
Animal Default constructor called
Cat Default constructor called
Dog 
Cat 
Cat say Meow
Dog bark WAOOOOOOOONN!!!
Animal bark and make sound! 
Animal Animal Destructor called
Dog Dog Destructor called
Animal Dog Destructor called
Cat Cat Destructor called
Animal Cat Destructor called

=== WrongAnimal Tests (No Polymorphism) ===
WrongAnimal Default constructor called
WrongAnimal Default constructor called
WrongCat Default constructor called
WrongCat 
WrongAnimal makes wrong sounds!
WrongAnimal makes wrong sounds!
WrongAnimal WrongAnimal Destructor called
WrongAnimal WrongCat Destructor called
